<?xml version="1.0" encoding="UTF-8"?>
<!-- Generated by org.testng.reporters.JUnitReportReporter -->
<testsuite skipped="0" hostname="HDC2-L-2CF7QQ2" name="com.sele.testng.DemoTestng2" tests="2" failures="0" timestamp="02 Jul 2019 04:41:40 GMT" time="0.000" errors="0">
  <testcase name="test3" time="0.000" classname="com.sele.testng.DemoTestng2"/>
  <testcase name="test3" time="0.000" classname="com.sele.testng.DemoTestng2"/>
</testsuite> <!-- com.sele.testng.DemoTestng2 -->
