<?xml version="1.0" encoding="UTF-8"?>
<!-- Generated by org.testng.reporters.JUnitReportReporter -->
<testsuite skipped="0" hostname="HDC2-D-C8MNXJ2" name="com.sele.testng.ScenarioPart2" tests="1" failures="0" timestamp="05 Jul 2019 08:47:23 GMT" time="30.436" errors="0">
  <testcase name="f" time="30.436" classname="com.sele.testng.ScenarioPart2"/>
</testsuite> <!-- com.sele.testng.ScenarioPart2 -->
