<?xml version="1.0" encoding="UTF-8"?>
<!-- Generated by org.testng.reporters.JUnitReportReporter -->
<testsuite skipped="0" hostname="HDC2-D-C8MNXJ2" name="com.sele.testng.Collect" tests="1" failures="0" timestamp="03 Jul 2019 09:44:51 GMT" time="10.940" errors="0">
  <testcase name="testColl" time="10.940" classname="com.sele.testng.Collect"/>
</testsuite> <!-- com.sele.testng.Collect -->
