<?xml version="1.0" encoding="UTF-8"?>
<!-- Generated by org.testng.reporters.JUnitReportReporter -->
<testsuite skipped="0" hostname="HDC2-D-C8MNXJ2" name="com.sele.testng.Scenario1part1" tests="1" failures="0" timestamp="05 Jul 2019 05:01:09 GMT" time="26.353" errors="0">
  <testcase name="s1login" time="26.353" classname="com.sele.testng.Scenario1part1"/>
</testsuite> <!-- com.sele.testng.Scenario1part1 -->
